begin -> (11, -1)
number -> (5, -1)
identifier -> (12, 0)
; -> (19, -1)
number -> (5, -1)
identifier -> (14, 0)
; -> (19, -1)
number -> (5, -1)
identifier -> (16, 0)
; -> (19, -1)
number -> (5, -1)
identifier -> (5, 0)
; -> (19, -1)
identifier -> (12, 0)
= -> (29, -1)
const -> (2, 0)
; -> (19, -1)
identifier -> (14, 0)
= -> (29, -1)
const -> (5, 0)
; -> (19, -1)
identifier -> (16, 0)
= -> (29, -1)
const -> (8, 0)
; -> (19, -1)
if -> (4, -1)
( -> (13, -1)
identifier -> (12, 0)
> -> (31, -1)
identifier -> (14, 0)
and -> (0, -1)
identifier -> (12, 0)
> -> (31, -1)
identifier -> (16, 0)
) -> (14, -1)
{ -> (17, -1)
identifier -> (5, 0)
= -> (29, -1)
identifier -> (12, 0)
; -> (19, -1)
} -> (18, -1)
if -> (4, -1)
( -> (13, -1)
identifier -> (14, 0)
> -> (31, -1)
identifier -> (12, 0)
and -> (0, -1)
identifier -> (14, 0)
> -> (31, -1)
identifier -> (16, 0)
) -> (14, -1)
{ -> (17, -1)
identifier -> (5, 0)
= -> (29, -1)
identifier -> (14, 0)
; -> (19, -1)
} -> (18, -1)
if -> (4, -1)
( -> (13, -1)
identifier -> (16, 0)
> -> (31, -1)
identifier -> (12, 0)
and -> (0, -1)
identifier -> (16, 0)
> -> (31, -1)
identifier -> (14, 0)
) -> (14, -1)
{ -> (17, -1)
identifier -> (5, 0)
= -> (29, -1)
identifier -> (16, 0)
; -> (19, -1)
} -> (18, -1)
cwrite -> (8, -1)
( -> (13, -1)
identifier -> (5, 0)
) -> (14, -1)
; -> (19, -1)
end -> (12, -1)
